C:\USERS\ALI\DOCUMENTS\VISUAL STUDIO 2010\PROJECTS\TRANSLATOR\DEBUG\TRANSLATORBASE.LIB
C:\Users\Ali\Documents\Visual Studio 2010\Projects\Translator\Debug\TranslatorBase.pdb
C:\Users\Ali\Documents\Visual Studio 2010\Projects\Translator\TranslatorBase\Debug\cl.command.1.tlog
C:\Users\Ali\Documents\Visual Studio 2010\Projects\Translator\TranslatorBase\Debug\CL.read.1.tlog
C:\Users\Ali\Documents\Visual Studio 2010\Projects\Translator\TranslatorBase\Debug\CL.write.1.tlog
C:\Users\Ali\Documents\Visual Studio 2010\Projects\Translator\TranslatorBase\Debug\lib.command.1.tlog
C:\Users\Ali\Documents\Visual Studio 2010\Projects\Translator\TranslatorBase\Debug\Lib-link.read.1.tlog
C:\Users\Ali\Documents\Visual Studio 2010\Projects\Translator\TranslatorBase\Debug\Lib-link.write.1.tlog
C:\Users\Ali\Documents\Visual Studio 2010\Projects\Translator\TranslatorBase\Debug\link.command.1.tlog
C:\Users\Ali\Documents\Visual Studio 2010\Projects\Translator\TranslatorBase\Debug\link.read.1.tlog
C:\Users\Ali\Documents\Visual Studio 2010\Projects\Translator\TranslatorBase\Debug\link.write.1.tlog
C:\Users\Ali\Documents\Visual Studio 2010\Projects\Translator\TranslatorBase\Debug\link-cvtres.read.1.tlog
C:\Users\Ali\Documents\Visual Studio 2010\Projects\Translator\TranslatorBase\Debug\link-cvtres.write.1.tlog
C:\Users\Ali\Documents\Visual Studio 2010\Projects\Translator\TranslatorBase\Debug\rc.command.1.tlog
C:\Users\Ali\Documents\Visual Studio 2010\Projects\Translator\TranslatorBase\Debug\rc.read.1.tlog
C:\Users\Ali\Documents\Visual Studio 2010\Projects\Translator\TranslatorBase\Debug\rc.write.1.tlog
C:\USERS\ALI\DOCUMENTS\VISUAL STUDIO 2010\PROJECTS\TRANSLATOR\TRANSLATORBASE\DEBUG\SHAREDOBJECTS.OBJ
C:\USERS\ALI\DOCUMENTS\VISUAL STUDIO 2010\PROJECTS\TRANSLATOR\TRANSLATORBASE\DEBUG\TLATOMIC.OBJ
C:\USERS\ALI\DOCUMENTS\VISUAL STUDIO 2010\PROJECTS\TRANSLATOR\TRANSLATORBASE\DEBUG\TLMEMORYMANAGER.OBJ
C:\USERS\ALI\DOCUMENTS\VISUAL STUDIO 2010\PROJECTS\TRANSLATOR\TRANSLATORBASE\DEBUG\TLNODE.OBJ
C:\USERS\ALI\DOCUMENTS\VISUAL STUDIO 2010\PROJECTS\TRANSLATOR\TRANSLATORBASE\DEBUG\TLOBJECT.OBJ
C:\Users\Ali\Documents\Visual Studio 2010\Projects\Translator\TranslatorBase\Debug\TranslatorBase.exe.embed.manifest
C:\USERS\ALI\DOCUMENTS\VISUAL STUDIO 2010\PROJECTS\TRANSLATOR\TRANSLATORBASE\DEBUG\TRANSLATORBASE.EXE.EMBED.MANIFEST.RES
C:\Users\Ali\Documents\Visual Studio 2010\Projects\Translator\TranslatorBase\Debug\TranslatorBase.exe.intermediate.manifest
C:\Users\Ali\Documents\Visual Studio 2010\Projects\Translator\TranslatorBase\Debug\TranslatorBase_manifest.rc
C:\Users\Ali\Documents\Visual Studio 2010\Projects\Translator\TranslatorBase\Debug\vc100.idb
C:\USERS\ALI\DOCUMENTS\VISUAL STUDIO 2010\PROJECTS\TRANSLATOR\TRANSLATORBASE\DEBUG\VC100.PDB
